2021-11-22 18:38:23,920  INFO [main] HomePageSD:29 - Browser has been luanched
2021-11-22 18:38:45,497  INFO [main] HomePageSD:38 - url hited
2021-11-22 18:38:48,621  INFO [main] SignInSD:34 - clicked on sign button
2021-11-22 18:38:48,623  INFO [main] SignInSD:42 - going to send data
2021-11-22 18:38:48,796  INFO [main] SignInSD:46 -  entered
2021-11-22 18:38:48,905  INFO [main] SignInSD:49 -  entered
2021-11-22 18:39:07,033  INFO [main] SignInSD:57 - clicked on summit button
2021-11-22 18:39:13,823  INFO [main] SignInSD:34 - clicked on sign button
2021-11-22 18:39:13,824  INFO [main] SignInSD:42 - going to send data
2021-11-22 18:39:14,244  INFO [main] SignInSD:46 - defenceaspirants87@gmail.com entered
2021-11-22 18:39:14,465  INFO [main] SignInSD:49 - banti#4321 entered
2021-11-22 18:39:17,289  INFO [main] SignInSD:57 - clicked on summit button
2021-11-22 18:39:23,988  INFO [main] SignInSD:34 - clicked on sign button
2021-11-22 18:39:23,988  INFO [main] SignInSD:42 - going to send data
2021-11-22 18:39:24,412  INFO [main] SignInSD:46 - vrushualate1008@gmail.com entered
2021-11-22 18:39:24,592  INFO [main] SignInSD:49 - Vrush@123 entered
2021-11-22 18:39:27,245  INFO [main] SignInSD:57 - clicked on summit button
2021-11-22 18:39:52,083  INFO [main] PersionalizedGiftSD:40 - clicked on Persionaized Gift Menu
2021-11-22 18:40:02,334  INFO [main] PersionalizedGiftSD:51 - clicked on sort by button
2021-11-22 18:40:16,927  INFO [main] PersionalizedGiftSD:59 - clicked on how to low options
