2021-11-19 22:57:34,229  INFO [main] HomePageSD:29 - Browser has been luanched
2021-11-19 22:58:08,282  INFO [main] HomePageSD:38 - url hited
2021-11-19 22:58:24,088  INFO [main] SignInSD:34 - clicked on sign button
2021-11-19 22:58:24,090  INFO [main] SignInSD:42 - going to send data
2021-11-19 22:58:24,322  INFO [main] SignInSD:46 -  entered
2021-11-19 22:58:24,425  INFO [main] SignInSD:49 -  entered
2021-11-19 22:58:45,719  INFO [main] SignInSD:57 - clicked on summit button
2021-11-19 22:59:01,249  INFO [main] SignInSD:34 - clicked on sign button
2021-11-19 22:59:01,250  INFO [main] SignInSD:42 - going to send data
2021-11-19 22:59:02,141  INFO [main] SignInSD:46 - defenceaspirants87@gmail.com entered
2021-11-19 22:59:02,441  INFO [main] SignInSD:49 - Banti#4321 entered
2021-11-19 22:59:19,411  INFO [main] SignInSD:57 - clicked on summit button
2021-11-19 22:59:35,649  INFO [main] SignInSD:34 - clicked on sign button
2021-11-19 22:59:35,650  INFO [main] SignInSD:42 - going to send data
2021-11-19 22:59:37,410  INFO [main] SignInSD:46 - rathorb87@gmail.com entered
2021-11-19 22:59:37,607  INFO [main] SignInSD:49 - Bigsmall@123 entered
2021-11-19 22:59:47,655  INFO [main] SignInSD:57 - clicked on summit button
2021-11-19 23:00:23,513  INFO [main] PersionalizedGiftSD:40 - clicked on Persionaized Gift Menu
2021-11-19 23:00:33,981  INFO [main] PersionalizedGiftSD:51 - clicked on sort by button
2021-11-19 23:00:50,743  INFO [main] PersionalizedGiftSD:59 - clicked on how to low options
2021-11-19 23:01:34,272  INFO [main] PersionalizedGiftSD:75 - persionalized gift menu's item selected
2021-11-19 23:01:55,865  INFO [main] HomePageSD:45 - product name has been sent to search box
2021-11-19 23:02:17,955  INFO [main] HomePageSD:40 - clicked on christmas menu
2021-11-19 23:02:44,801  INFO [main] HomePageSD:56 - christmas gift added in cart
